<?xml version="1.0" encoding="UTF-8"?>
<testsuite xmlns:xsi="http://www.w3.org/2001/XMLSchema-instance" xsi:noNamespaceSchemaLocation="https://maven.apache.org/surefire/maven-surefire-plugin/xsd/surefire-test-report-3.0.xsd" version="3.0" name="com.example.inventory.service.WebScrapingServiceTest" time="5.207" tests="2" errors="0" skipped="0" failures="0">
  <properties>
    <property name="java.specification.version" value="21"/>
    <property name="webdriver.chrome.driver" value="/Users/sonaskar/.cache/selenium/chromedriver/mac-arm64/139.0.7258.138/chromedriver"/>
    <property name="sun.jnu.encoding" value="UTF-8"/>
    <property name="java.class.path" value="/Users/sonaskar/Documents/inventory_system/inventory-system/target/test-classes:/Users/sonaskar/Documents/inventory_system/inventory-system/target/classes:/Users/sonaskar/.m2/repository/org/springframework/boot/spring-boot-starter-web/3.2.6/spring-boot-starter-web-3.2.6.jar:/Users/sonaskar/.m2/repository/org/springframework/boot/spring-boot-starter/3.2.6/spring-boot-starter-3.2.6.jar:/Users/sonaskar/.m2/repository/org/springframework/boot/spring-boot/3.2.6/spring-boot-3.2.6.jar:/Users/sonaskar/.m2/repository/org/springframework/boot/spring-boot-autoconfigure/3.2.6/spring-boot-autoconfigure-3.2.6.jar:/Users/sonaskar/.m2/repository/org/springframework/boot/spring-boot-starter-logging/3.2.6/spring-boot-starter-logging-3.2.6.jar:/Users/sonaskar/.m2/repository/ch/qos/logback/logback-classic/1.4.14/logback-classic-1.4.14.jar:/Users/sonaskar/.m2/repository/ch/qos/logback/logback-core/1.4.14/logback-core-1.4.14.jar:/Users/sonaskar/.m2/repository/org/apache/logging/log4j/log4j-to-slf4j/2.21.1/log4j-to-slf4j-2.21.1.jar:/Users/sonaskar/.m2/repository/org/apache/logging/log4j/log4j-api/2.21.1/log4j-api-2.21.1.jar:/Users/sonaskar/.m2/repository/org/slf4j/jul-to-slf4j/2.0.13/jul-to-slf4j-2.0.13.jar:/Users/sonaskar/.m2/repository/jakarta/annotation/jakarta.annotation-api/2.1.1/jakarta.annotation-api-2.1.1.jar:/Users/sonaskar/.m2/repository/org/yaml/snakeyaml/2.2/snakeyaml-2.2.jar:/Users/sonaskar/.m2/repository/org/springframework/boot/spring-boot-starter-json/3.2.6/spring-boot-starter-json-3.2.6.jar:/Users/sonaskar/.m2/repository/com/fasterxml/jackson/datatype/jackson-datatype-jdk8/2.15.4/jackson-datatype-jdk8-2.15.4.jar:/Users/sonaskar/.m2/repository/com/fasterxml/jackson/datatype/jackson-datatype-jsr310/2.15.4/jackson-datatype-jsr310-2.15.4.jar:/Users/sonaskar/.m2/repository/com/fasterxml/jackson/module/jackson-module-parameter-names/2.15.4/jackson-module-parameter-names-2.15.4.jar:/Users/sonaskar/.m2/repository/org/springframework/boot/spring-boot-starter-tomcat/3.2.6/spring-boot-starter-tomcat-3.2.6.jar:/Users/sonaskar/.m2/repository/org/apache/tomcat/embed/tomcat-embed-core/10.1.24/tomcat-embed-core-10.1.24.jar:/Users/sonaskar/.m2/repository/org/apache/tomcat/embed/tomcat-embed-el/10.1.24/tomcat-embed-el-10.1.24.jar:/Users/sonaskar/.m2/repository/org/apache/tomcat/embed/tomcat-embed-websocket/10.1.24/tomcat-embed-websocket-10.1.24.jar:/Users/sonaskar/.m2/repository/org/springframework/spring-web/6.1.8/spring-web-6.1.8.jar:/Users/sonaskar/.m2/repository/org/springframework/spring-beans/6.1.8/spring-beans-6.1.8.jar:/Users/sonaskar/.m2/repository/org/springframework/spring-webmvc/6.1.8/spring-webmvc-6.1.8.jar:/Users/sonaskar/.m2/repository/org/springframework/spring-aop/6.1.8/spring-aop-6.1.8.jar:/Users/sonaskar/.m2/repository/org/springframework/spring-expression/6.1.8/spring-expression-6.1.8.jar:/Users/sonaskar/.m2/repository/org/springframework/boot/spring-boot-starter-data-jpa/3.2.6/spring-boot-starter-data-jpa-3.2.6.jar:/Users/sonaskar/.m2/repository/org/springframework/boot/spring-boot-starter-aop/3.2.6/spring-boot-starter-aop-3.2.6.jar:/Users/sonaskar/.m2/repository/org/aspectj/aspectjweaver/1.9.22/aspectjweaver-1.9.22.jar:/Users/sonaskar/.m2/repository/org/springframework/boot/spring-boot-starter-jdbc/3.2.6/spring-boot-starter-jdbc-3.2.6.jar:/Users/sonaskar/.m2/repository/com/zaxxer/HikariCP/5.0.1/HikariCP-5.0.1.jar:/Users/sonaskar/.m2/repository/org/springframework/spring-jdbc/6.1.8/spring-jdbc-6.1.8.jar:/Users/sonaskar/.m2/repository/org/hibernate/orm/hibernate-core/6.4.8.Final/hibernate-core-6.4.8.Final.jar:/Users/sonaskar/.m2/repository/jakarta/persistence/jakarta.persistence-api/3.1.0/jakarta.persistence-api-3.1.0.jar:/Users/sonaskar/.m2/repository/jakarta/transaction/jakarta.transaction-api/2.0.1/jakarta.transaction-api-2.0.1.jar:/Users/sonaskar/.m2/repository/org/jboss/logging/jboss-logging/3.5.3.Final/jboss-logging-3.5.3.Final.jar:/Users/sonaskar/.m2/repository/org/hibernate/common/hibernate-commons-annotations/6.0.6.Final/hibernate-commons-annotations-6.0.6.Final.jar:/Users/sonaskar/.m2/repository/io/smallrye/jandex/3.1.2/jandex-3.1.2.jar:/Users/sonaskar/.m2/repository/com/fasterxml/classmate/1.6.0/classmate-1.6.0.jar:/Users/sonaskar/.m2/repository/net/bytebuddy/byte-buddy/1.14.16/byte-buddy-1.14.16.jar:/Users/sonaskar/.m2/repository/org/glassfish/jaxb/jaxb-runtime/4.0.5/jaxb-runtime-4.0.5.jar:/Users/sonaskar/.m2/repository/org/glassfish/jaxb/jaxb-core/4.0.5/jaxb-core-4.0.5.jar:/Users/sonaskar/.m2/repository/org/eclipse/angus/angus-activation/2.0.2/angus-activation-2.0.2.jar:/Users/sonaskar/.m2/repository/org/glassfish/jaxb/txw2/4.0.5/txw2-4.0.5.jar:/Users/sonaskar/.m2/repository/com/sun/istack/istack-commons-runtime/4.1.2/istack-commons-runtime-4.1.2.jar:/Users/sonaskar/.m2/repository/jakarta/inject/jakarta.inject-api/2.0.1/jakarta.inject-api-2.0.1.jar:/Users/sonaskar/.m2/repository/org/antlr/antlr4-runtime/4.13.0/antlr4-runtime-4.13.0.jar:/Users/sonaskar/.m2/repository/org/springframework/data/spring-data-jpa/3.2.6/spring-data-jpa-3.2.6.jar:/Users/sonaskar/.m2/repository/org/springframework/data/spring-data-commons/3.2.6/spring-data-commons-3.2.6.jar:/Users/sonaskar/.m2/repository/org/springframework/spring-orm/6.1.8/spring-orm-6.1.8.jar:/Users/sonaskar/.m2/repository/org/springframework/spring-aspects/6.1.8/spring-aspects-6.1.8.jar:/Users/sonaskar/.m2/repository/com/h2database/h2/2.2.224/h2-2.2.224.jar:/Users/sonaskar/.m2/repository/org/springframework/boot/spring-boot-starter-test/3.2.6/spring-boot-starter-test-3.2.6.jar:/Users/sonaskar/.m2/repository/org/springframework/boot/spring-boot-test/3.2.6/spring-boot-test-3.2.6.jar:/Users/sonaskar/.m2/repository/org/springframework/boot/spring-boot-test-autoconfigure/3.2.6/spring-boot-test-autoconfigure-3.2.6.jar:/Users/sonaskar/.m2/repository/com/jayway/jsonpath/json-path/2.9.0/json-path-2.9.0.jar:/Users/sonaskar/.m2/repository/jakarta/xml/bind/jakarta.xml.bind-api/4.0.2/jakarta.xml.bind-api-4.0.2.jar:/Users/sonaskar/.m2/repository/jakarta/activation/jakarta.activation-api/2.1.3/jakarta.activation-api-2.1.3.jar:/Users/sonaskar/.m2/repository/net/minidev/json-smart/2.5.1/json-smart-2.5.1.jar:/Users/sonaskar/.m2/repository/net/minidev/accessors-smart/2.5.1/accessors-smart-2.5.1.jar:/Users/sonaskar/.m2/repository/org/assertj/assertj-core/3.24.2/assertj-core-3.24.2.jar:/Users/sonaskar/.m2/repository/org/awaitility/awaitility/4.2.1/awaitility-4.2.1.jar:/Users/sonaskar/.m2/repository/org/hamcrest/hamcrest/2.2/hamcrest-2.2.jar:/Users/sonaskar/.m2/repository/org/junit/jupiter/junit-jupiter/5.10.2/junit-jupiter-5.10.2.jar:/Users/sonaskar/.m2/repository/org/junit/jupiter/junit-jupiter-api/5.10.2/junit-jupiter-api-5.10.2.jar:/Users/sonaskar/.m2/repository/org/opentest4j/opentest4j/1.3.0/opentest4j-1.3.0.jar:/Users/sonaskar/.m2/repository/org/junit/platform/junit-platform-commons/1.10.2/junit-platform-commons-1.10.2.jar:/Users/sonaskar/.m2/repository/org/apiguardian/apiguardian-api/1.1.2/apiguardian-api-1.1.2.jar:/Users/sonaskar/.m2/repository/org/junit/jupiter/junit-jupiter-params/5.10.2/junit-jupiter-params-5.10.2.jar:/Users/sonaskar/.m2/repository/org/junit/jupiter/junit-jupiter-engine/5.10.2/junit-jupiter-engine-5.10.2.jar:/Users/sonaskar/.m2/repository/org/junit/platform/junit-platform-engine/1.10.2/junit-platform-engine-1.10.2.jar:/Users/sonaskar/.m2/repository/org/mockito/mockito-core/5.7.0/mockito-core-5.7.0.jar:/Users/sonaskar/.m2/repository/net/bytebuddy/byte-buddy-agent/1.14.16/byte-buddy-agent-1.14.16.jar:/Users/sonaskar/.m2/repository/org/objenesis/objenesis/3.3/objenesis-3.3.jar:/Users/sonaskar/.m2/repository/org/mockito/mockito-junit-jupiter/5.7.0/mockito-junit-jupiter-5.7.0.jar:/Users/sonaskar/.m2/repository/org/skyscreamer/jsonassert/1.5.1/jsonassert-1.5.1.jar:/Users/sonaskar/.m2/repository/com/vaadin/external/google/android-json/0.0.20131108.vaadin1/android-json-0.0.20131108.vaadin1.jar:/Users/sonaskar/.m2/repository/org/springframework/spring-core/6.1.8/spring-core-6.1.8.jar:/Users/sonaskar/.m2/repository/org/springframework/spring-jcl/6.1.8/spring-jcl-6.1.8.jar:/Users/sonaskar/.m2/repository/org/springframework/spring-test/6.1.8/spring-test-6.1.8.jar:/Users/sonaskar/.m2/repository/org/xmlunit/xmlunit-core/2.9.1/xmlunit-core-2.9.1.jar:/Users/sonaskar/.m2/repository/org/springframework/cloud/spring-cloud-starter-contract-verifier/4.1.0/spring-cloud-starter-contract-verifier-4.1.0.jar:/Users/sonaskar/.m2/repository/org/springframework/cloud/spring-cloud-contract-verifier/4.1.3/spring-cloud-contract-verifier-4.1.3.jar:/Users/sonaskar/.m2/repository/org/springframework/cloud/spring-cloud-contract-spec/4.1.3/spring-cloud-contract-spec-4.1.3.jar:/Users/sonaskar/.m2/repository/org/springframework/cloud/spring-cloud-contract-spec-java/4.1.3/spring-cloud-contract-spec-java-4.1.3.jar:/Users/sonaskar/.m2/repository/dk/brics/automaton/1.12-4/automaton-1.12-4.jar:/Users/sonaskar/.m2/repository/org/springframework/cloud/spring-cloud-contract-spec-groovy/4.1.3/spring-cloud-contract-spec-groovy-4.1.3.jar:/Users/sonaskar/.m2/repository/org/springframework/cloud/spring-cloud-contract-shade/4.1.3/spring-cloud-contract-shade-4.1.3.jar:/Users/sonaskar/.m2/repository/org/apache/commons/commons-text/1.11.0/commons-text-1.11.0.jar:/Users/sonaskar/.m2/repository/javax/inject/javax.inject/1/javax.inject-1.jar:/Users/sonaskar/.m2/repository/com/github/tomakehurst/wiremock-jre8-standalone/2.35.1/wiremock-jre8-standalone-2.35.1.jar:/Users/sonaskar/.m2/repository/org/apache/maven/resolver/maven-resolver-api/1.9.18/maven-resolver-api-1.9.18.jar:/Users/sonaskar/.m2/repository/com/rackspace/eclipse/webtools/sourceediting/org.eclipse.wst.xml.xpath2.processor/2.1.100/org.eclipse.wst.xml.xpath2.processor-2.1.100.jar:/Users/sonaskar/.m2/repository/edu/princeton/cup/java-cup/10k/java-cup-10k.jar:/Users/sonaskar/.m2/repository/com/ibm/icu/icu4j/4.6/icu4j-4.6.jar:/Users/sonaskar/.m2/repository/org/apache/groovy/groovy/4.0.21/groovy-4.0.21.jar:/Users/sonaskar/.m2/repository/org/apache/groovy/groovy-nio/4.0.21/groovy-nio-4.0.21.jar:/Users/sonaskar/.m2/repository/org/apache/groovy/groovy-json/4.0.21/groovy-json-4.0.21.jar:/Users/sonaskar/.m2/repository/org/apache/groovy/groovy-xml/4.0.21/groovy-xml-4.0.21.jar:/Users/sonaskar/.m2/repository/com/github/jknack/handlebars/4.3.1/handlebars-4.3.1.jar:/Users/sonaskar/.m2/repository/commons-beanutils/commons-beanutils/1.9.4/commons-beanutils-1.9.4.jar:/Users/sonaskar/.m2/repository/commons-logging/commons-logging/1.2/commons-logging-1.2.jar:/Users/sonaskar/.m2/repository/commons-collections/commons-collections/3.2.2/commons-collections-3.2.2.jar:/Users/sonaskar/.m2/repository/com/fasterxml/jackson/dataformat/jackson-dataformat-yaml/2.15.4/jackson-dataformat-yaml-2.15.4.jar:/Users/sonaskar/.m2/repository/net/javacrumbs/json-unit/json-unit-assertj/2.38.0/json-unit-assertj-2.38.0.jar:/Users/sonaskar/.m2/repository/net/javacrumbs/json-unit/json-unit-core/2.38.0/json-unit-core-2.38.0.jar:/Users/sonaskar/.m2/repository/org/hamcrest/hamcrest-core/2.2/hamcrest-core-2.2.jar:/Users/sonaskar/.m2/repository/net/javacrumbs/json-unit/json-unit-json-path/2.38.0/json-unit-json-path-2.38.0.jar:/Users/sonaskar/.m2/repository/io/rest-assured/rest-assured/5.3.2/rest-assured-5.3.2.jar:/Users/sonaskar/.m2/repository/org/apache/httpcomponents/httpclient/4.5.13/httpclient-4.5.13.jar:/Users/sonaskar/.m2/repository/org/apache/httpcomponents/httpcore/4.4.16/httpcore-4.4.16.jar:/Users/sonaskar/.m2/repository/commons-codec/commons-codec/1.16.1/commons-codec-1.16.1.jar:/Users/sonaskar/.m2/repository/org/apache/httpcomponents/httpmime/4.5.13/httpmime-4.5.13.jar:/Users/sonaskar/.m2/repository/org/ccil/cowan/tagsoup/tagsoup/1.2.1/tagsoup-1.2.1.jar:/Users/sonaskar/.m2/repository/io/rest-assured/json-path/5.3.2/json-path-5.3.2.jar:/Users/sonaskar/.m2/repository/io/rest-assured/rest-assured-common/5.3.2/rest-assured-common-5.3.2.jar:/Users/sonaskar/.m2/repository/io/rest-assured/xml-path/5.3.2/xml-path-5.3.2.jar:/Users/sonaskar/.m2/repository/io/rest-assured/spring-mock-mvc/5.3.2/spring-mock-mvc-5.3.2.jar:/Users/sonaskar/.m2/repository/io/rest-assured/spring-commons/5.3.2/spring-commons-5.3.2.jar:/Users/sonaskar/.m2/repository/com/toomuchcoding/jsonassert/jsonassert/0.8.0/jsonassert-0.8.0.jar:/Users/sonaskar/.m2/repository/cglib/cglib/3.3.0/cglib-3.3.0.jar:/Users/sonaskar/.m2/repository/org/ow2/asm/asm/7.1/asm-7.1.jar:/Users/sonaskar/.m2/repository/org/seleniumhq/selenium/selenium-java/4.18.1/selenium-java-4.18.1.jar:/Users/sonaskar/.m2/repository/org/seleniumhq/selenium/selenium-api/4.14.1/selenium-api-4.14.1.jar:/Users/sonaskar/.m2/repository/org/seleniumhq/selenium/selenium-chrome-driver/4.14.1/selenium-chrome-driver-4.14.1.jar:/Users/sonaskar/.m2/repository/com/google/auto/service/auto-service-annotations/1.1.1/auto-service-annotations-1.1.1.jar:/Users/sonaskar/.m2/repository/com/google/guava/guava/32.1.2-jre/guava-32.1.2-jre.jar:/Users/sonaskar/.m2/repository/com/google/guava/failureaccess/1.0.1/failureaccess-1.0.1.jar:/Users/sonaskar/.m2/repository/com/google/guava/listenablefuture/9999.0-empty-to-avoid-conflict-with-guava/listenablefuture-9999.0-empty-to-avoid-conflict-with-guava.jar:/Users/sonaskar/.m2/repository/org/checkerframework/checker-qual/3.33.0/checker-qual-3.33.0.jar:/Users/sonaskar/.m2/repository/com/google/errorprone/error_prone_annotations/2.18.0/error_prone_annotations-2.18.0.jar:/Users/sonaskar/.m2/repository/com/google/j2objc/j2objc-annotations/2.8/j2objc-annotations-2.8.jar:/Users/sonaskar/.m2/repository/org/seleniumhq/selenium/selenium-chromium-driver/4.14.1/selenium-chromium-driver-4.14.1.jar:/Users/sonaskar/.m2/repository/org/seleniumhq/selenium/selenium-json/4.14.1/selenium-json-4.14.1.jar:/Users/sonaskar/.m2/repository/org/seleniumhq/selenium/selenium-manager/4.14.1/selenium-manager-4.14.1.jar:/Users/sonaskar/.m2/repository/org/seleniumhq/selenium/selenium-devtools-v120/4.18.1/selenium-devtools-v120-4.18.1.jar:/Users/sonaskar/.m2/repository/org/seleniumhq/selenium/selenium-devtools-v121/4.18.1/selenium-devtools-v121-4.18.1.jar:/Users/sonaskar/.m2/repository/org/seleniumhq/selenium/selenium-devtools-v122/4.18.1/selenium-devtools-v122-4.18.1.jar:/Users/sonaskar/.m2/repository/org/seleniumhq/selenium/selenium-devtools-v85/4.14.1/selenium-devtools-v85-4.14.1.jar:/Users/sonaskar/.m2/repository/org/seleniumhq/selenium/selenium-edge-driver/4.14.1/selenium-edge-driver-4.14.1.jar:/Users/sonaskar/.m2/repository/org/seleniumhq/selenium/selenium-firefox-driver/4.14.1/selenium-firefox-driver-4.14.1.jar:/Users/sonaskar/.m2/repository/org/seleniumhq/selenium/selenium-http/4.14.1/selenium-http-4.14.1.jar:/Users/sonaskar/.m2/repository/dev/failsafe/failsafe/3.3.2/failsafe-3.3.2.jar:/Users/sonaskar/.m2/repository/org/seleniumhq/selenium/selenium-ie-driver/4.14.1/selenium-ie-driver-4.14.1.jar:/Users/sonaskar/.m2/repository/org/seleniumhq/selenium/selenium-remote-driver/4.14.1/selenium-remote-driver-4.14.1.jar:/Users/sonaskar/.m2/repository/io/opentelemetry/opentelemetry-api/1.31.0/opentelemetry-api-1.31.0.jar:/Users/sonaskar/.m2/repository/io/opentelemetry/opentelemetry-context/1.31.0/opentelemetry-context-1.31.0.jar:/Users/sonaskar/.m2/repository/io/opentelemetry/opentelemetry-exporter-logging/1.31.0/opentelemetry-exporter-logging-1.31.0.jar:/Users/sonaskar/.m2/repository/io/opentelemetry/opentelemetry-sdk-common/1.31.0/opentelemetry-sdk-common-1.31.0.jar:/Users/sonaskar/.m2/repository/io/opentelemetry/opentelemetry-sdk-extension-autoconfigure-spi/1.31.0/opentelemetry-sdk-extension-autoconfigure-spi-1.31.0.jar:/Users/sonaskar/.m2/repository/io/opentelemetry/opentelemetry-sdk-extension-autoconfigure/1.31.0/opentelemetry-sdk-extension-autoconfigure-1.31.0.jar:/Users/sonaskar/.m2/repository/io/opentelemetry/opentelemetry-api-events/1.31.0-alpha/opentelemetry-api-events-1.31.0-alpha.jar:/Users/sonaskar/.m2/repository/io/opentelemetry/opentelemetry-sdk-trace/1.31.0/opentelemetry-sdk-trace-1.31.0.jar:/Users/sonaskar/.m2/repository/io/opentelemetry/opentelemetry-sdk/1.31.0/opentelemetry-sdk-1.31.0.jar:/Users/sonaskar/.m2/repository/io/opentelemetry/opentelemetry-sdk-metrics/1.31.0/opentelemetry-sdk-metrics-1.31.0.jar:/Users/sonaskar/.m2/repository/io/opentelemetry/opentelemetry-extension-incubator/1.31.0-alpha/opentelemetry-extension-incubator-1.31.0-alpha.jar:/Users/sonaskar/.m2/repository/io/opentelemetry/opentelemetry-sdk-logs/1.31.0/opentelemetry-sdk-logs-1.31.0.jar:/Users/sonaskar/.m2/repository/io/opentelemetry/opentelemetry-semconv/1.28.0-alpha/opentelemetry-semconv-1.28.0-alpha.jar:/Users/sonaskar/.m2/repository/org/seleniumhq/selenium/selenium-os/4.14.1/selenium-os-4.14.1.jar:/Users/sonaskar/.m2/repository/org/apache/commons/commons-exec/1.3/commons-exec-1.3.jar:/Users/sonaskar/.m2/repository/org/seleniumhq/selenium/selenium-safari-driver/4.14.1/selenium-safari-driver-4.14.1.jar:/Users/sonaskar/.m2/repository/org/seleniumhq/selenium/selenium-support/4.14.1/selenium-support-4.14.1.jar:/Users/sonaskar/.m2/repository/io/github/bonigarcia/webdrivermanager/5.7.0/webdrivermanager-5.7.0.jar:/Users/sonaskar/.m2/repository/org/slf4j/slf4j-api/2.0.13/slf4j-api-2.0.13.jar:/Users/sonaskar/.m2/repository/com/google/code/gson/gson/2.10.1/gson-2.10.1.jar:/Users/sonaskar/.m2/repository/com/github/docker-java/docker-java/3.3.5/docker-java-3.3.5.jar:/Users/sonaskar/.m2/repository/com/github/docker-java/docker-java-core/3.3.5/docker-java-core-3.3.5.jar:/Users/sonaskar/.m2/repository/com/github/docker-java/docker-java-api/3.3.5/docker-java-api-3.3.5.jar:/Users/sonaskar/.m2/repository/org/bouncycastle/bcpkix-jdk18on/1.76/bcpkix-jdk18on-1.76.jar:/Users/sonaskar/.m2/repository/org/bouncycastle/bcprov-jdk18on/1.76/bcprov-jdk18on-1.76.jar:/Users/sonaskar/.m2/repository/org/bouncycastle/bcutil-jdk18on/1.76/bcutil-jdk18on-1.76.jar:/Users/sonaskar/.m2/repository/org/slf4j/jcl-over-slf4j/2.0.13/jcl-over-slf4j-2.0.13.jar:/Users/sonaskar/.m2/repository/com/github/docker-java/docker-java-transport-httpclient5/3.3.5/docker-java-transport-httpclient5-3.3.5.jar:/Users/sonaskar/.m2/repository/com/github/docker-java/docker-java-transport/3.3.5/docker-java-transport-3.3.5.jar:/Users/sonaskar/.m2/repository/net/java/dev/jna/jna/5.13.0/jna-5.13.0.jar:/Users/sonaskar/.m2/repository/org/brotli/dec/0.1.2/dec-0.1.2.jar:/Users/sonaskar/.m2/repository/org/apache/commons/commons-lang3/3.13.0/commons-lang3-3.13.0.jar:/Users/sonaskar/.m2/repository/org/apache/commons/commons-compress/1.26.0/commons-compress-1.26.0.jar:/Users/sonaskar/.m2/repository/commons-io/commons-io/2.15.1/commons-io-2.15.1.jar:/Users/sonaskar/.m2/repository/org/apache/httpcomponents/client5/httpclient5/5.2.3/httpclient5-5.2.3.jar:/Users/sonaskar/.m2/repository/org/apache/httpcomponents/core5/httpcore5/5.2.4/httpcore5-5.2.4.jar:/Users/sonaskar/.m2/repository/org/apache/httpcomponents/core5/httpcore5-h2/5.2.4/httpcore5-h2-5.2.4.jar:/Users/sonaskar/.m2/repository/io/jsonwebtoken/jjwt-api/0.11.5/jjwt-api-0.11.5.jar:/Users/sonaskar/.m2/repository/org/springframework/kafka/spring-kafka/3.1.5/spring-kafka-3.1.5.jar:/Users/sonaskar/.m2/repository/org/springframework/spring-context/6.1.8/spring-context-6.1.8.jar:/Users/sonaskar/.m2/repository/org/springframework/spring-messaging/6.1.8/spring-messaging-6.1.8.jar:/Users/sonaskar/.m2/repository/org/springframework/spring-tx/6.1.8/spring-tx-6.1.8.jar:/Users/sonaskar/.m2/repository/org/springframework/retry/spring-retry/2.0.6/spring-retry-2.0.6.jar:/Users/sonaskar/.m2/repository/org/apache/kafka/kafka-clients/3.6.2/kafka-clients-3.6.2.jar:/Users/sonaskar/.m2/repository/com/github/luben/zstd-jni/1.5.5-1/zstd-jni-1.5.5-1.jar:/Users/sonaskar/.m2/repository/org/lz4/lz4-java/1.8.0/lz4-java-1.8.0.jar:/Users/sonaskar/.m2/repository/org/xerial/snappy/snappy-java/1.1.10.5/snappy-java-1.1.10.5.jar:/Users/sonaskar/.m2/repository/io/micrometer/micrometer-observation/1.12.6/micrometer-observation-1.12.6.jar:/Users/sonaskar/.m2/repository/io/micrometer/micrometer-commons/1.12.6/micrometer-commons-1.12.6.jar:/Users/sonaskar/.m2/repository/com/google/code/findbugs/jsr305/3.0.2/jsr305-3.0.2.jar:/Users/sonaskar/.m2/repository/io/jsonwebtoken/jjwt-impl/0.11.5/jjwt-impl-0.11.5.jar:/Users/sonaskar/.m2/repository/io/jsonwebtoken/jjwt-jackson/0.11.5/jjwt-jackson-0.11.5.jar:/Users/sonaskar/.m2/repository/com/fasterxml/jackson/core/jackson-databind/2.17.1/jackson-databind-2.17.1.jar:/Users/sonaskar/.m2/repository/com/fasterxml/jackson/core/jackson-annotations/2.15.4/jackson-annotations-2.15.4.jar:/Users/sonaskar/.m2/repository/com/fasterxml/jackson/core/jackson-core/2.17.1/jackson-core-2.17.1.jar:"/>
    <property name="java.vm.vendor" value="Oracle Corporation"/>
    <property name="sun.arch.data.model" value="64"/>
    <property name="java.vendor.url" value="https://java.oracle.com/"/>
    <property name="user.timezone" value="Asia/Kolkata"/>
    <property name="org.jboss.logging.provider" value="slf4j"/>
    <property name="os.name" value="Mac OS X"/>
    <property name="java.vm.specification.version" value="21"/>
    <property name="sun.java.launcher" value="SUN_STANDARD"/>
    <property name="user.country" value="IN"/>
    <property name="sun.boot.library.path" value="/Users/sonaskar/Library/Java/JavaVirtualMachines/graalvm-jdk-21.0.8/Contents/Home/lib"/>
    <property name="sun.java.command" value="/Users/sonaskar/Documents/inventory_system/inventory-system/target/surefire/surefirebooter-20250822173221525_3.jar /Users/sonaskar/Documents/inventory_system/inventory-system/target/surefire 2025-08-22T17-32-21_498-jvmRun1 surefire-20250822173221525_1tmp surefire_0-20250822173221525_2tmp"/>
    <property name="jdk.debug" value="release"/>
    <property name="surefire.test.class.path" value="/Users/sonaskar/Documents/inventory_system/inventory-system/target/test-classes:/Users/sonaskar/Documents/inventory_system/inventory-system/target/classes:/Users/sonaskar/.m2/repository/org/springframework/boot/spring-boot-starter-web/3.2.6/spring-boot-starter-web-3.2.6.jar:/Users/sonaskar/.m2/repository/org/springframework/boot/spring-boot-starter/3.2.6/spring-boot-starter-3.2.6.jar:/Users/sonaskar/.m2/repository/org/springframework/boot/spring-boot/3.2.6/spring-boot-3.2.6.jar:/Users/sonaskar/.m2/repository/org/springframework/boot/spring-boot-autoconfigure/3.2.6/spring-boot-autoconfigure-3.2.6.jar:/Users/sonaskar/.m2/repository/org/springframework/boot/spring-boot-starter-logging/3.2.6/spring-boot-starter-logging-3.2.6.jar:/Users/sonaskar/.m2/repository/ch/qos/logback/logback-classic/1.4.14/logback-classic-1.4.14.jar:/Users/sonaskar/.m2/repository/ch/qos/logback/logback-core/1.4.14/logback-core-1.4.14.jar:/Users/sonaskar/.m2/repository/org/apache/logging/log4j/log4j-to-slf4j/2.21.1/log4j-to-slf4j-2.21.1.jar:/Users/sonaskar/.m2/repository/org/apache/logging/log4j/log4j-api/2.21.1/log4j-api-2.21.1.jar:/Users/sonaskar/.m2/repository/org/slf4j/jul-to-slf4j/2.0.13/jul-to-slf4j-2.0.13.jar:/Users/sonaskar/.m2/repository/jakarta/annotation/jakarta.annotation-api/2.1.1/jakarta.annotation-api-2.1.1.jar:/Users/sonaskar/.m2/repository/org/yaml/snakeyaml/2.2/snakeyaml-2.2.jar:/Users/sonaskar/.m2/repository/org/springframework/boot/spring-boot-starter-json/3.2.6/spring-boot-starter-json-3.2.6.jar:/Users/sonaskar/.m2/repository/com/fasterxml/jackson/datatype/jackson-datatype-jdk8/2.15.4/jackson-datatype-jdk8-2.15.4.jar:/Users/sonaskar/.m2/repository/com/fasterxml/jackson/datatype/jackson-datatype-jsr310/2.15.4/jackson-datatype-jsr310-2.15.4.jar:/Users/sonaskar/.m2/repository/com/fasterxml/jackson/module/jackson-module-parameter-names/2.15.4/jackson-module-parameter-names-2.15.4.jar:/Users/sonaskar/.m2/repository/org/springframework/boot/spring-boot-starter-tomcat/3.2.6/spring-boot-starter-tomcat-3.2.6.jar:/Users/sonaskar/.m2/repository/org/apache/tomcat/embed/tomcat-embed-core/10.1.24/tomcat-embed-core-10.1.24.jar:/Users/sonaskar/.m2/repository/org/apache/tomcat/embed/tomcat-embed-el/10.1.24/tomcat-embed-el-10.1.24.jar:/Users/sonaskar/.m2/repository/org/apache/tomcat/embed/tomcat-embed-websocket/10.1.24/tomcat-embed-websocket-10.1.24.jar:/Users/sonaskar/.m2/repository/org/springframework/spring-web/6.1.8/spring-web-6.1.8.jar:/Users/sonaskar/.m2/repository/org/springframework/spring-beans/6.1.8/spring-beans-6.1.8.jar:/Users/sonaskar/.m2/repository/org/springframework/spring-webmvc/6.1.8/spring-webmvc-6.1.8.jar:/Users/sonaskar/.m2/repository/org/springframework/spring-aop/6.1.8/spring-aop-6.1.8.jar:/Users/sonaskar/.m2/repository/org/springframework/spring-expression/6.1.8/spring-expression-6.1.8.jar:/Users/sonaskar/.m2/repository/org/springframework/boot/spring-boot-starter-data-jpa/3.2.6/spring-boot-starter-data-jpa-3.2.6.jar:/Users/sonaskar/.m2/repository/org/springframework/boot/spring-boot-starter-aop/3.2.6/spring-boot-starter-aop-3.2.6.jar:/Users/sonaskar/.m2/repository/org/aspectj/aspectjweaver/1.9.22/aspectjweaver-1.9.22.jar:/Users/sonaskar/.m2/repository/org/springframework/boot/spring-boot-starter-jdbc/3.2.6/spring-boot-starter-jdbc-3.2.6.jar:/Users/sonaskar/.m2/repository/com/zaxxer/HikariCP/5.0.1/HikariCP-5.0.1.jar:/Users/sonaskar/.m2/repository/org/springframework/spring-jdbc/6.1.8/spring-jdbc-6.1.8.jar:/Users/sonaskar/.m2/repository/org/hibernate/orm/hibernate-core/6.4.8.Final/hibernate-core-6.4.8.Final.jar:/Users/sonaskar/.m2/repository/jakarta/persistence/jakarta.persistence-api/3.1.0/jakarta.persistence-api-3.1.0.jar:/Users/sonaskar/.m2/repository/jakarta/transaction/jakarta.transaction-api/2.0.1/jakarta.transaction-api-2.0.1.jar:/Users/sonaskar/.m2/repository/org/jboss/logging/jboss-logging/3.5.3.Final/jboss-logging-3.5.3.Final.jar:/Users/sonaskar/.m2/repository/org/hibernate/common/hibernate-commons-annotations/6.0.6.Final/hibernate-commons-annotations-6.0.6.Final.jar:/Users/sonaskar/.m2/repository/io/smallrye/jandex/3.1.2/jandex-3.1.2.jar:/Users/sonaskar/.m2/repository/com/fasterxml/classmate/1.6.0/classmate-1.6.0.jar:/Users/sonaskar/.m2/repository/net/bytebuddy/byte-buddy/1.14.16/byte-buddy-1.14.16.jar:/Users/sonaskar/.m2/repository/org/glassfish/jaxb/jaxb-runtime/4.0.5/jaxb-runtime-4.0.5.jar:/Users/sonaskar/.m2/repository/org/glassfish/jaxb/jaxb-core/4.0.5/jaxb-core-4.0.5.jar:/Users/sonaskar/.m2/repository/org/eclipse/angus/angus-activation/2.0.2/angus-activation-2.0.2.jar:/Users/sonaskar/.m2/repository/org/glassfish/jaxb/txw2/4.0.5/txw2-4.0.5.jar:/Users/sonaskar/.m2/repository/com/sun/istack/istack-commons-runtime/4.1.2/istack-commons-runtime-4.1.2.jar:/Users/sonaskar/.m2/repository/jakarta/inject/jakarta.inject-api/2.0.1/jakarta.inject-api-2.0.1.jar:/Users/sonaskar/.m2/repository/org/antlr/antlr4-runtime/4.13.0/antlr4-runtime-4.13.0.jar:/Users/sonaskar/.m2/repository/org/springframework/data/spring-data-jpa/3.2.6/spring-data-jpa-3.2.6.jar:/Users/sonaskar/.m2/repository/org/springframework/data/spring-data-commons/3.2.6/spring-data-commons-3.2.6.jar:/Users/sonaskar/.m2/repository/org/springframework/spring-orm/6.1.8/spring-orm-6.1.8.jar:/Users/sonaskar/.m2/repository/org/springframework/spring-aspects/6.1.8/spring-aspects-6.1.8.jar:/Users/sonaskar/.m2/repository/com/h2database/h2/2.2.224/h2-2.2.224.jar:/Users/sonaskar/.m2/repository/org/springframework/boot/spring-boot-starter-test/3.2.6/spring-boot-starter-test-3.2.6.jar:/Users/sonaskar/.m2/repository/org/springframework/boot/spring-boot-test/3.2.6/spring-boot-test-3.2.6.jar:/Users/sonaskar/.m2/repository/org/springframework/boot/spring-boot-test-autoconfigure/3.2.6/spring-boot-test-autoconfigure-3.2.6.jar:/Users/sonaskar/.m2/repository/com/jayway/jsonpath/json-path/2.9.0/json-path-2.9.0.jar:/Users/sonaskar/.m2/repository/jakarta/xml/bind/jakarta.xml.bind-api/4.0.2/jakarta.xml.bind-api-4.0.2.jar:/Users/sonaskar/.m2/repository/jakarta/activation/jakarta.activation-api/2.1.3/jakarta.activation-api-2.1.3.jar:/Users/sonaskar/.m2/repository/net/minidev/json-smart/2.5.1/json-smart-2.5.1.jar:/Users/sonaskar/.m2/repository/net/minidev/accessors-smart/2.5.1/accessors-smart-2.5.1.jar:/Users/sonaskar/.m2/repository/org/assertj/assertj-core/3.24.2/assertj-core-3.24.2.jar:/Users/sonaskar/.m2/repository/org/awaitility/awaitility/4.2.1/awaitility-4.2.1.jar:/Users/sonaskar/.m2/repository/org/hamcrest/hamcrest/2.2/hamcrest-2.2.jar:/Users/sonaskar/.m2/repository/org/junit/jupiter/junit-jupiter/5.10.2/junit-jupiter-5.10.2.jar:/Users/sonaskar/.m2/repository/org/junit/jupiter/junit-jupiter-api/5.10.2/junit-jupiter-api-5.10.2.jar:/Users/sonaskar/.m2/repository/org/opentest4j/opentest4j/1.3.0/opentest4j-1.3.0.jar:/Users/sonaskar/.m2/repository/org/junit/platform/junit-platform-commons/1.10.2/junit-platform-commons-1.10.2.jar:/Users/sonaskar/.m2/repository/org/apiguardian/apiguardian-api/1.1.2/apiguardian-api-1.1.2.jar:/Users/sonaskar/.m2/repository/org/junit/jupiter/junit-jupiter-params/5.10.2/junit-jupiter-params-5.10.2.jar:/Users/sonaskar/.m2/repository/org/junit/jupiter/junit-jupiter-engine/5.10.2/junit-jupiter-engine-5.10.2.jar:/Users/sonaskar/.m2/repository/org/junit/platform/junit-platform-engine/1.10.2/junit-platform-engine-1.10.2.jar:/Users/sonaskar/.m2/repository/org/mockito/mockito-core/5.7.0/mockito-core-5.7.0.jar:/Users/sonaskar/.m2/repository/net/bytebuddy/byte-buddy-agent/1.14.16/byte-buddy-agent-1.14.16.jar:/Users/sonaskar/.m2/repository/org/objenesis/objenesis/3.3/objenesis-3.3.jar:/Users/sonaskar/.m2/repository/org/mockito/mockito-junit-jupiter/5.7.0/mockito-junit-jupiter-5.7.0.jar:/Users/sonaskar/.m2/repository/org/skyscreamer/jsonassert/1.5.1/jsonassert-1.5.1.jar:/Users/sonaskar/.m2/repository/com/vaadin/external/google/android-json/0.0.20131108.vaadin1/android-json-0.0.20131108.vaadin1.jar:/Users/sonaskar/.m2/repository/org/springframework/spring-core/6.1.8/spring-core-6.1.8.jar:/Users/sonaskar/.m2/repository/org/springframework/spring-jcl/6.1.8/spring-jcl-6.1.8.jar:/Users/sonaskar/.m2/repository/org/springframework/spring-test/6.1.8/spring-test-6.1.8.jar:/Users/sonaskar/.m2/repository/org/xmlunit/xmlunit-core/2.9.1/xmlunit-core-2.9.1.jar:/Users/sonaskar/.m2/repository/org/springframework/cloud/spring-cloud-starter-contract-verifier/4.1.0/spring-cloud-starter-contract-verifier-4.1.0.jar:/Users/sonaskar/.m2/repository/org/springframework/cloud/spring-cloud-contract-verifier/4.1.3/spring-cloud-contract-verifier-4.1.3.jar:/Users/sonaskar/.m2/repository/org/springframework/cloud/spring-cloud-contract-spec/4.1.3/spring-cloud-contract-spec-4.1.3.jar:/Users/sonaskar/.m2/repository/org/springframework/cloud/spring-cloud-contract-spec-java/4.1.3/spring-cloud-contract-spec-java-4.1.3.jar:/Users/sonaskar/.m2/repository/dk/brics/automaton/1.12-4/automaton-1.12-4.jar:/Users/sonaskar/.m2/repository/org/springframework/cloud/spring-cloud-contract-spec-groovy/4.1.3/spring-cloud-contract-spec-groovy-4.1.3.jar:/Users/sonaskar/.m2/repository/org/springframework/cloud/spring-cloud-contract-shade/4.1.3/spring-cloud-contract-shade-4.1.3.jar:/Users/sonaskar/.m2/repository/org/apache/commons/commons-text/1.11.0/commons-text-1.11.0.jar:/Users/sonaskar/.m2/repository/javax/inject/javax.inject/1/javax.inject-1.jar:/Users/sonaskar/.m2/repository/com/github/tomakehurst/wiremock-jre8-standalone/2.35.1/wiremock-jre8-standalone-2.35.1.jar:/Users/sonaskar/.m2/repository/org/apache/maven/resolver/maven-resolver-api/1.9.18/maven-resolver-api-1.9.18.jar:/Users/sonaskar/.m2/repository/com/rackspace/eclipse/webtools/sourceediting/org.eclipse.wst.xml.xpath2.processor/2.1.100/org.eclipse.wst.xml.xpath2.processor-2.1.100.jar:/Users/sonaskar/.m2/repository/edu/princeton/cup/java-cup/10k/java-cup-10k.jar:/Users/sonaskar/.m2/repository/com/ibm/icu/icu4j/4.6/icu4j-4.6.jar:/Users/sonaskar/.m2/repository/org/apache/groovy/groovy/4.0.21/groovy-4.0.21.jar:/Users/sonaskar/.m2/repository/org/apache/groovy/groovy-nio/4.0.21/groovy-nio-4.0.21.jar:/Users/sonaskar/.m2/repository/org/apache/groovy/groovy-json/4.0.21/groovy-json-4.0.21.jar:/Users/sonaskar/.m2/repository/org/apache/groovy/groovy-xml/4.0.21/groovy-xml-4.0.21.jar:/Users/sonaskar/.m2/repository/com/github/jknack/handlebars/4.3.1/handlebars-4.3.1.jar:/Users/sonaskar/.m2/repository/commons-beanutils/commons-beanutils/1.9.4/commons-beanutils-1.9.4.jar:/Users/sonaskar/.m2/repository/commons-logging/commons-logging/1.2/commons-logging-1.2.jar:/Users/sonaskar/.m2/repository/commons-collections/commons-collections/3.2.2/commons-collections-3.2.2.jar:/Users/sonaskar/.m2/repository/com/fasterxml/jackson/dataformat/jackson-dataformat-yaml/2.15.4/jackson-dataformat-yaml-2.15.4.jar:/Users/sonaskar/.m2/repository/net/javacrumbs/json-unit/json-unit-assertj/2.38.0/json-unit-assertj-2.38.0.jar:/Users/sonaskar/.m2/repository/net/javacrumbs/json-unit/json-unit-core/2.38.0/json-unit-core-2.38.0.jar:/Users/sonaskar/.m2/repository/org/hamcrest/hamcrest-core/2.2/hamcrest-core-2.2.jar:/Users/sonaskar/.m2/repository/net/javacrumbs/json-unit/json-unit-json-path/2.38.0/json-unit-json-path-2.38.0.jar:/Users/sonaskar/.m2/repository/io/rest-assured/rest-assured/5.3.2/rest-assured-5.3.2.jar:/Users/sonaskar/.m2/repository/org/apache/httpcomponents/httpclient/4.5.13/httpclient-4.5.13.jar:/Users/sonaskar/.m2/repository/org/apache/httpcomponents/httpcore/4.4.16/httpcore-4.4.16.jar:/Users/sonaskar/.m2/repository/commons-codec/commons-codec/1.16.1/commons-codec-1.16.1.jar:/Users/sonaskar/.m2/repository/org/apache/httpcomponents/httpmime/4.5.13/httpmime-4.5.13.jar:/Users/sonaskar/.m2/repository/org/ccil/cowan/tagsoup/tagsoup/1.2.1/tagsoup-1.2.1.jar:/Users/sonaskar/.m2/repository/io/rest-assured/json-path/5.3.2/json-path-5.3.2.jar:/Users/sonaskar/.m2/repository/io/rest-assured/rest-assured-common/5.3.2/rest-assured-common-5.3.2.jar:/Users/sonaskar/.m2/repository/io/rest-assured/xml-path/5.3.2/xml-path-5.3.2.jar:/Users/sonaskar/.m2/repository/io/rest-assured/spring-mock-mvc/5.3.2/spring-mock-mvc-5.3.2.jar:/Users/sonaskar/.m2/repository/io/rest-assured/spring-commons/5.3.2/spring-commons-5.3.2.jar:/Users/sonaskar/.m2/repository/com/toomuchcoding/jsonassert/jsonassert/0.8.0/jsonassert-0.8.0.jar:/Users/sonaskar/.m2/repository/cglib/cglib/3.3.0/cglib-3.3.0.jar:/Users/sonaskar/.m2/repository/org/ow2/asm/asm/7.1/asm-7.1.jar:/Users/sonaskar/.m2/repository/org/seleniumhq/selenium/selenium-java/4.18.1/selenium-java-4.18.1.jar:/Users/sonaskar/.m2/repository/org/seleniumhq/selenium/selenium-api/4.14.1/selenium-api-4.14.1.jar:/Users/sonaskar/.m2/repository/org/seleniumhq/selenium/selenium-chrome-driver/4.14.1/selenium-chrome-driver-4.14.1.jar:/Users/sonaskar/.m2/repository/com/google/auto/service/auto-service-annotations/1.1.1/auto-service-annotations-1.1.1.jar:/Users/sonaskar/.m2/repository/com/google/guava/guava/32.1.2-jre/guava-32.1.2-jre.jar:/Users/sonaskar/.m2/repository/com/google/guava/failureaccess/1.0.1/failureaccess-1.0.1.jar:/Users/sonaskar/.m2/repository/com/google/guava/listenablefuture/9999.0-empty-to-avoid-conflict-with-guava/listenablefuture-9999.0-empty-to-avoid-conflict-with-guava.jar:/Users/sonaskar/.m2/repository/org/checkerframework/checker-qual/3.33.0/checker-qual-3.33.0.jar:/Users/sonaskar/.m2/repository/com/google/errorprone/error_prone_annotations/2.18.0/error_prone_annotations-2.18.0.jar:/Users/sonaskar/.m2/repository/com/google/j2objc/j2objc-annotations/2.8/j2objc-annotations-2.8.jar:/Users/sonaskar/.m2/repository/org/seleniumhq/selenium/selenium-chromium-driver/4.14.1/selenium-chromium-driver-4.14.1.jar:/Users/sonaskar/.m2/repository/org/seleniumhq/selenium/selenium-json/4.14.1/selenium-json-4.14.1.jar:/Users/sonaskar/.m2/repository/org/seleniumhq/selenium/selenium-manager/4.14.1/selenium-manager-4.14.1.jar:/Users/sonaskar/.m2/repository/org/seleniumhq/selenium/selenium-devtools-v120/4.18.1/selenium-devtools-v120-4.18.1.jar:/Users/sonaskar/.m2/repository/org/seleniumhq/selenium/selenium-devtools-v121/4.18.1/selenium-devtools-v121-4.18.1.jar:/Users/sonaskar/.m2/repository/org/seleniumhq/selenium/selenium-devtools-v122/4.18.1/selenium-devtools-v122-4.18.1.jar:/Users/sonaskar/.m2/repository/org/seleniumhq/selenium/selenium-devtools-v85/4.14.1/selenium-devtools-v85-4.14.1.jar:/Users/sonaskar/.m2/repository/org/seleniumhq/selenium/selenium-edge-driver/4.14.1/selenium-edge-driver-4.14.1.jar:/Users/sonaskar/.m2/repository/org/seleniumhq/selenium/selenium-firefox-driver/4.14.1/selenium-firefox-driver-4.14.1.jar:/Users/sonaskar/.m2/repository/org/seleniumhq/selenium/selenium-http/4.14.1/selenium-http-4.14.1.jar:/Users/sonaskar/.m2/repository/dev/failsafe/failsafe/3.3.2/failsafe-3.3.2.jar:/Users/sonaskar/.m2/repository/org/seleniumhq/selenium/selenium-ie-driver/4.14.1/selenium-ie-driver-4.14.1.jar:/Users/sonaskar/.m2/repository/org/seleniumhq/selenium/selenium-remote-driver/4.14.1/selenium-remote-driver-4.14.1.jar:/Users/sonaskar/.m2/repository/io/opentelemetry/opentelemetry-api/1.31.0/opentelemetry-api-1.31.0.jar:/Users/sonaskar/.m2/repository/io/opentelemetry/opentelemetry-context/1.31.0/opentelemetry-context-1.31.0.jar:/Users/sonaskar/.m2/repository/io/opentelemetry/opentelemetry-exporter-logging/1.31.0/opentelemetry-exporter-logging-1.31.0.jar:/Users/sonaskar/.m2/repository/io/opentelemetry/opentelemetry-sdk-common/1.31.0/opentelemetry-sdk-common-1.31.0.jar:/Users/sonaskar/.m2/repository/io/opentelemetry/opentelemetry-sdk-extension-autoconfigure-spi/1.31.0/opentelemetry-sdk-extension-autoconfigure-spi-1.31.0.jar:/Users/sonaskar/.m2/repository/io/opentelemetry/opentelemetry-sdk-extension-autoconfigure/1.31.0/opentelemetry-sdk-extension-autoconfigure-1.31.0.jar:/Users/sonaskar/.m2/repository/io/opentelemetry/opentelemetry-api-events/1.31.0-alpha/opentelemetry-api-events-1.31.0-alpha.jar:/Users/sonaskar/.m2/repository/io/opentelemetry/opentelemetry-sdk-trace/1.31.0/opentelemetry-sdk-trace-1.31.0.jar:/Users/sonaskar/.m2/repository/io/opentelemetry/opentelemetry-sdk/1.31.0/opentelemetry-sdk-1.31.0.jar:/Users/sonaskar/.m2/repository/io/opentelemetry/opentelemetry-sdk-metrics/1.31.0/opentelemetry-sdk-metrics-1.31.0.jar:/Users/sonaskar/.m2/repository/io/opentelemetry/opentelemetry-extension-incubator/1.31.0-alpha/opentelemetry-extension-incubator-1.31.0-alpha.jar:/Users/sonaskar/.m2/repository/io/opentelemetry/opentelemetry-sdk-logs/1.31.0/opentelemetry-sdk-logs-1.31.0.jar:/Users/sonaskar/.m2/repository/io/opentelemetry/opentelemetry-semconv/1.28.0-alpha/opentelemetry-semconv-1.28.0-alpha.jar:/Users/sonaskar/.m2/repository/org/seleniumhq/selenium/selenium-os/4.14.1/selenium-os-4.14.1.jar:/Users/sonaskar/.m2/repository/org/apache/commons/commons-exec/1.3/commons-exec-1.3.jar:/Users/sonaskar/.m2/repository/org/seleniumhq/selenium/selenium-safari-driver/4.14.1/selenium-safari-driver-4.14.1.jar:/Users/sonaskar/.m2/repository/org/seleniumhq/selenium/selenium-support/4.14.1/selenium-support-4.14.1.jar:/Users/sonaskar/.m2/repository/io/github/bonigarcia/webdrivermanager/5.7.0/webdrivermanager-5.7.0.jar:/Users/sonaskar/.m2/repository/org/slf4j/slf4j-api/2.0.13/slf4j-api-2.0.13.jar:/Users/sonaskar/.m2/repository/com/google/code/gson/gson/2.10.1/gson-2.10.1.jar:/Users/sonaskar/.m2/repository/com/github/docker-java/docker-java/3.3.5/docker-java-3.3.5.jar:/Users/sonaskar/.m2/repository/com/github/docker-java/docker-java-core/3.3.5/docker-java-core-3.3.5.jar:/Users/sonaskar/.m2/repository/com/github/docker-java/docker-java-api/3.3.5/docker-java-api-3.3.5.jar:/Users/sonaskar/.m2/repository/org/bouncycastle/bcpkix-jdk18on/1.76/bcpkix-jdk18on-1.76.jar:/Users/sonaskar/.m2/repository/org/bouncycastle/bcprov-jdk18on/1.76/bcprov-jdk18on-1.76.jar:/Users/sonaskar/.m2/repository/org/bouncycastle/bcutil-jdk18on/1.76/bcutil-jdk18on-1.76.jar:/Users/sonaskar/.m2/repository/org/slf4j/jcl-over-slf4j/2.0.13/jcl-over-slf4j-2.0.13.jar:/Users/sonaskar/.m2/repository/com/github/docker-java/docker-java-transport-httpclient5/3.3.5/docker-java-transport-httpclient5-3.3.5.jar:/Users/sonaskar/.m2/repository/com/github/docker-java/docker-java-transport/3.3.5/docker-java-transport-3.3.5.jar:/Users/sonaskar/.m2/repository/net/java/dev/jna/jna/5.13.0/jna-5.13.0.jar:/Users/sonaskar/.m2/repository/org/brotli/dec/0.1.2/dec-0.1.2.jar:/Users/sonaskar/.m2/repository/org/apache/commons/commons-lang3/3.13.0/commons-lang3-3.13.0.jar:/Users/sonaskar/.m2/repository/org/apache/commons/commons-compress/1.26.0/commons-compress-1.26.0.jar:/Users/sonaskar/.m2/repository/commons-io/commons-io/2.15.1/commons-io-2.15.1.jar:/Users/sonaskar/.m2/repository/org/apache/httpcomponents/client5/httpclient5/5.2.3/httpclient5-5.2.3.jar:/Users/sonaskar/.m2/repository/org/apache/httpcomponents/core5/httpcore5/5.2.4/httpcore5-5.2.4.jar:/Users/sonaskar/.m2/repository/org/apache/httpcomponents/core5/httpcore5-h2/5.2.4/httpcore5-h2-5.2.4.jar:/Users/sonaskar/.m2/repository/io/jsonwebtoken/jjwt-api/0.11.5/jjwt-api-0.11.5.jar:/Users/sonaskar/.m2/repository/org/springframework/kafka/spring-kafka/3.1.5/spring-kafka-3.1.5.jar:/Users/sonaskar/.m2/repository/org/springframework/spring-context/6.1.8/spring-context-6.1.8.jar:/Users/sonaskar/.m2/repository/org/springframework/spring-messaging/6.1.8/spring-messaging-6.1.8.jar:/Users/sonaskar/.m2/repository/org/springframework/spring-tx/6.1.8/spring-tx-6.1.8.jar:/Users/sonaskar/.m2/repository/org/springframework/retry/spring-retry/2.0.6/spring-retry-2.0.6.jar:/Users/sonaskar/.m2/repository/org/apache/kafka/kafka-clients/3.6.2/kafka-clients-3.6.2.jar:/Users/sonaskar/.m2/repository/com/github/luben/zstd-jni/1.5.5-1/zstd-jni-1.5.5-1.jar:/Users/sonaskar/.m2/repository/org/lz4/lz4-java/1.8.0/lz4-java-1.8.0.jar:/Users/sonaskar/.m2/repository/org/xerial/snappy/snappy-java/1.1.10.5/snappy-java-1.1.10.5.jar:/Users/sonaskar/.m2/repository/io/micrometer/micrometer-observation/1.12.6/micrometer-observation-1.12.6.jar:/Users/sonaskar/.m2/repository/io/micrometer/micrometer-commons/1.12.6/micrometer-commons-1.12.6.jar:/Users/sonaskar/.m2/repository/com/google/code/findbugs/jsr305/3.0.2/jsr305-3.0.2.jar:/Users/sonaskar/.m2/repository/io/jsonwebtoken/jjwt-impl/0.11.5/jjwt-impl-0.11.5.jar:/Users/sonaskar/.m2/repository/io/jsonwebtoken/jjwt-jackson/0.11.5/jjwt-jackson-0.11.5.jar:/Users/sonaskar/.m2/repository/com/fasterxml/jackson/core/jackson-databind/2.17.1/jackson-databind-2.17.1.jar:/Users/sonaskar/.m2/repository/com/fasterxml/jackson/core/jackson-annotations/2.15.4/jackson-annotations-2.15.4.jar:/Users/sonaskar/.m2/repository/com/fasterxml/jackson/core/jackson-core/2.17.1/jackson-core-2.17.1.jar:"/>
    <property name="sun.cpu.endian" value="little"/>
    <property name="user.home" value="/Users/sonaskar"/>
    <property name="user.language" value="en"/>
    <property name="java.specification.vendor" value="Oracle Corporation"/>
    <property name="java.version.date" value="2025-07-15"/>
    <property name="java.home" value="/Users/sonaskar/Library/Java/JavaVirtualMachines/graalvm-jdk-21.0.8/Contents/Home"/>
    <property name="file.separator" value="/"/>
    <property name="basedir" value="/Users/sonaskar/Documents/inventory_system/inventory-system"/>
    <property name="java.vm.compressedOopsMode" value="Zero based"/>
    <property name="jdk.internal.vm.ci.enabled" value="true"/>
    <property name="line.separator" value="&#10;"/>
    <property name="java.vm.specification.vendor" value="Oracle Corporation"/>
    <property name="java.specification.name" value="Java Platform API Specification"/>
    <property name="FILE_LOG_CHARSET" value="UTF-8"/>
    <property name="java.awt.headless" value="true"/>
    <property name="apple.awt.application.name" value="ForkedBooter"/>
    <property name="surefire.real.class.path" value="/Users/sonaskar/Documents/inventory_system/inventory-system/target/surefire/surefirebooter-20250822173221525_3.jar"/>
    <property name="sun.management.compiler" value="HotSpot 64-Bit Tiered Compilers"/>
    <property name="java.runtime.version" value="21.0.8+12-LTS-jvmci-23.1-b72"/>
    <property name="user.name" value="sonaskar"/>
    <property name="stdout.encoding" value="UTF-8"/>
    <property name="path.separator" value=":"/>
    <property name="os.version" value="15.6"/>
    <property name="java.runtime.name" value="Java(TM) SE Runtime Environment"/>
    <property name="file.encoding" value="UTF-8"/>
    <property name="java.vm.name" value="Java HotSpot(TM) 64-Bit Server VM"/>
    <property name="java.vendor.version" value="Oracle GraalVM 21.0.8+12.1"/>
    <property name="localRepository" value="/Users/sonaskar/.m2/repository"/>
    <property name="java.vendor.url.bug" value="https://bugreport.java.com/bugreport/"/>
    <property name="java.io.tmpdir" value="/var/folders/c0/2_zn19bn383bv_033zst2vb00000gn/T/"/>
    <property name="com.zaxxer.hikari.pool_number" value="2"/>
    <property name="java.version" value="21.0.8"/>
    <property name="user.dir" value="/Users/sonaskar/Documents/inventory_system/inventory-system"/>
    <property name="os.arch" value="aarch64"/>
    <property name="java.vm.specification.name" value="Java Virtual Machine Specification"/>
    <property name="PID" value="98991"/>
    <property name="CONSOLE_LOG_CHARSET" value="UTF-8"/>
    <property name="native.encoding" value="UTF-8"/>
    <property name="java.library.path" value="/Users/sonaskar/Library/Java/Extensions:/Library/Java/Extensions:/Network/Library/Java/Extensions:/System/Library/Java/Extensions:/usr/lib/java:."/>
    <property name="java.vm.info" value="mixed mode, sharing"/>
    <property name="stderr.encoding" value="UTF-8"/>
    <property name="java.vendor" value="Oracle Corporation"/>
    <property name="java.vm.version" value="21.0.8+12-LTS-jvmci-23.1-b72"/>
    <property name="sun.io.unicode.encoding" value="UnicodeBig"/>
    <property name="java.class.version" value="65.0"/>
  </properties>
  <testcase name="scrapeSauceDemoInventoryToJson_createsJsonFileWithItems" classname="com.example.inventory.service.WebScrapingServiceTest" time="3.06">
    <system-out><![CDATA[2025-08-22T17:32:24.359+05:30  INFO 98991 --- [           main] t.c.s.AnnotationConfigContextLoaderUtils : Could not detect default configuration classes for test class [com.example.inventory.service.WebScrapingServiceTest]: WebScrapingServiceTest does not declare any static, non-private, non-final, nested classes annotated with @Configuration.
2025-08-22T17:32:24.371+05:30  INFO 98991 --- [           main] .b.t.c.SpringBootTestContextBootstrapper : Found @SpringBootConfiguration com.example.inventory.InventorySystemApplication for test class com.example.inventory.service.WebScrapingServiceTest

  .   ____          _            __ _ _
 /\\ / ___'_ __ _ _(_)_ __  __ _ \ \ \ \
( ( )\___ | '_ | '_| | '_ \/ _` | \ \ \ \
 \\/  ___)| |_)| | | | | || (_| |  ) ) ) )
  '  |____| .__|_| |_|_| |_\__, | / / / /
 =========|_|==============|___/=/_/_/_/
 :: Spring Boot ::                (v3.2.6)

2025-08-22T17:32:24.392+05:30  INFO 98991 --- [           main] c.e.i.service.WebScrapingServiceTest     : Starting WebScrapingServiceTest using Java 21.0.8 with PID 98991 (started by sonaskar in /Users/sonaskar/Documents/inventory_system/inventory-system)
2025-08-22T17:32:24.392+05:30  INFO 98991 --- [           main] c.e.i.service.WebScrapingServiceTest     : No active profile set, falling back to 1 default profile: "default"
2025-08-22T17:32:24.483+05:30  INFO 98991 --- [           main] .s.d.r.c.RepositoryConfigurationDelegate : Bootstrapping Spring Data JPA repositories in DEFAULT mode.
2025-08-22T17:32:24.490+05:30  INFO 98991 --- [           main] .s.d.r.c.RepositoryConfigurationDelegate : Finished Spring Data repository scanning in 6 ms. Found 3 JPA repository interfaces.
2025-08-22T17:32:24.550+05:30  INFO 98991 --- [           main] com.zaxxer.hikari.HikariDataSource       : HikariPool-2 - Starting...
2025-08-22T17:32:24.552+05:30  INFO 98991 --- [           main] com.zaxxer.hikari.pool.HikariPool        : HikariPool-2 - Added connection conn10: url=jdbc:h2:mem:3a4a8527-a028-4b3e-949d-f0d4acc8658f user=SA
2025-08-22T17:32:24.552+05:30  INFO 98991 --- [           main] com.zaxxer.hikari.HikariDataSource       : HikariPool-2 - Start completed.
2025-08-22T17:32:24.553+05:30  INFO 98991 --- [           main] o.hibernate.jpa.internal.util.LogHelper  : HHH000204: Processing PersistenceUnitInfo [name: default]
2025-08-22T17:32:24.555+05:30  INFO 98991 --- [           main] o.h.c.internal.RegionFactoryInitiator    : HHH000026: Second-level cache disabled
2025-08-22T17:32:24.559+05:30  INFO 98991 --- [           main] o.s.o.j.p.SpringPersistenceUnitInfo      : No LoadTimeWeaver setup: ignoring JPA class transformer
2025-08-22T17:32:24.592+05:30  INFO 98991 --- [           main] o.h.e.t.j.p.i.JtaPlatformInitiator       : HHH000489: No JTA platform available (set 'hibernate.transaction.jta.platform' to enable JTA platform integration)
2025-08-22T17:32:24.596+05:30  INFO 98991 --- [           main] j.LocalContainerEntityManagerFactoryBean : Initialized JPA EntityManagerFactory for persistence unit 'default'
2025-08-22T17:32:24.671+05:30  WARN 98991 --- [           main] JpaBaseConfiguration$JpaWebConfiguration : spring.jpa.open-in-view is enabled by default. Therefore, database queries may be performed during view rendering. Explicitly configure spring.jpa.open-in-view to disable this warning
2025-08-22T17:32:24.675+05:30  INFO 98991 --- [           main] o.s.b.a.w.s.WelcomePageHandlerMapping    : Adding welcome page: class path resource [static/index.html]
2025-08-22T17:32:24.745+05:30  INFO 98991 --- [           main] o.a.k.clients.consumer.ConsumerConfig    : ConsumerConfig values: 
	allow.auto.create.topics = true
	auto.commit.interval.ms = 5000
	auto.include.jmx.reporter = true
	auto.offset.reset = latest
	bootstrap.servers = [localhost:9092]
	check.crcs = true
	client.dns.lookup = use_all_dns_ips
	client.id = consumer-inventory-group-3
	client.rack = 
	connections.max.idle.ms = 540000
	default.api.timeout.ms = 60000
	enable.auto.commit = false
	exclude.internal.topics = true
	fetch.max.bytes = 52428800
	fetch.max.wait.ms = 500
	fetch.min.bytes = 1
	group.id = inventory-group
	group.instance.id = null
	heartbeat.interval.ms = 3000
	interceptor.classes = []
	internal.leave.group.on.close = true
	internal.throw.on.fetch.stable.offset.unsupported = false
	isolation.level = read_uncommitted
	key.deserializer = class org.apache.kafka.common.serialization.StringDeserializer
	max.partition.fetch.bytes = 1048576
	max.poll.interval.ms = 300000
	max.poll.records = 500
	metadata.max.age.ms = 300000
	metric.reporters = []
	metrics.num.samples = 2
	metrics.recording.level = INFO
	metrics.sample.window.ms = 30000
	partition.assignment.strategy = [class org.apache.kafka.clients.consumer.RangeAssignor, class org.apache.kafka.clients.consumer.CooperativeStickyAssignor]
	receive.buffer.bytes = 65536
	reconnect.backoff.max.ms = 1000
	reconnect.backoff.ms = 50
	request.timeout.ms = 30000
	retry.backoff.ms = 100
	sasl.client.callback.handler.class = null
	sasl.jaas.config = null
	sasl.kerberos.kinit.cmd = /usr/bin/kinit
	sasl.kerberos.min.time.before.relogin = 60000
	sasl.kerberos.service.name = null
	sasl.kerberos.ticket.renew.jitter = 0.05
	sasl.kerberos.ticket.renew.window.factor = 0.8
	sasl.login.callback.handler.class = null
	sasl.login.class = null
	sasl.login.connect.timeout.ms = null
	sasl.login.read.timeout.ms = null
	sasl.login.refresh.buffer.seconds = 300
	sasl.login.refresh.min.period.seconds = 60
	sasl.login.refresh.window.factor = 0.8
	sasl.login.refresh.window.jitter = 0.05
	sasl.login.retry.backoff.max.ms = 10000
	sasl.login.retry.backoff.ms = 100
	sasl.mechanism = GSSAPI
	sasl.oauthbearer.clock.skew.seconds = 30
	sasl.oauthbearer.expected.audience = null
	sasl.oauthbearer.expected.issuer = null
	sasl.oauthbearer.jwks.endpoint.refresh.ms = 3600000
	sasl.oauthbearer.jwks.endpoint.retry.backoff.max.ms = 10000
	sasl.oauthbearer.jwks.endpoint.retry.backoff.ms = 100
	sasl.oauthbearer.jwks.endpoint.url = null
	sasl.oauthbearer.scope.claim.name = scope
	sasl.oauthbearer.sub.claim.name = sub
	sasl.oauthbearer.token.endpoint.url = null
	security.protocol = PLAINTEXT
	security.providers = null
	send.buffer.bytes = 131072
	session.timeout.ms = 45000
	socket.connection.setup.timeout.max.ms = 30000
	socket.connection.setup.timeout.ms = 10000
	ssl.cipher.suites = null
	ssl.enabled.protocols = [TLSv1.2, TLSv1.3]
	ssl.endpoint.identification.algorithm = https
	ssl.engine.factory.class = null
	ssl.key.password = null
	ssl.keymanager.algorithm = SunX509
	ssl.keystore.certificate.chain = null
	ssl.keystore.key = null
	ssl.keystore.location = null
	ssl.keystore.password = null
	ssl.keystore.type = JKS
	ssl.protocol = TLSv1.3
	ssl.provider = null
	ssl.secure.random.implementation = null
	ssl.trustmanager.algorithm = PKIX
	ssl.truststore.certificates = null
	ssl.truststore.location = null
	ssl.truststore.password = null
	ssl.truststore.type = JKS
	value.deserializer = class org.springframework.kafka.support.serializer.JsonDeserializer

2025-08-22T17:32:24.748+05:30  INFO 98991 --- [           main] o.a.k.clients.consumer.ConsumerConfig    : These configurations '[spring.json.trusted.packages]' were supplied but are not used yet.
2025-08-22T17:32:24.748+05:30  INFO 98991 --- [           main] o.a.kafka.common.utils.AppInfoParser     : Kafka version: 3.6.2
2025-08-22T17:32:24.748+05:30  INFO 98991 --- [           main] o.a.kafka.common.utils.AppInfoParser     : Kafka commitId: c4deed513057c94e
2025-08-22T17:32:24.748+05:30  INFO 98991 --- [           main] o.a.kafka.common.utils.AppInfoParser     : Kafka startTimeMs: 1755864144748
2025-08-22T17:32:24.748+05:30  INFO 98991 --- [           main] fkaConsumerFactory$ExtendedKafkaConsumer : [Consumer clientId=consumer-inventory-group-3, groupId=inventory-group] Subscribed to topic(s): order-events
2025-08-22T17:32:24.749+05:30  INFO 98991 --- [           main] o.a.k.clients.consumer.ConsumerConfig    : ConsumerConfig values: 
	allow.auto.create.topics = true
	auto.commit.interval.ms = 5000
	auto.include.jmx.reporter = true
	auto.offset.reset = latest
	bootstrap.servers = [localhost:9092]
	check.crcs = true
	client.dns.lookup = use_all_dns_ips
	client.id = consumer-delivery-agent-group-4
	client.rack = 
	connections.max.idle.ms = 540000
	default.api.timeout.ms = 60000
	enable.auto.commit = false
	exclude.internal.topics = true
	fetch.max.bytes = 52428800
	fetch.max.wait.ms = 500
	fetch.min.bytes = 1
	group.id = delivery-agent-group
	group.instance.id = null
	heartbeat.interval.ms = 3000
	interceptor.classes = []
	internal.leave.group.on.close = true
	internal.throw.on.fetch.stable.offset.unsupported = false
	isolation.level = read_uncommitted
	key.deserializer = class org.apache.kafka.common.serialization.StringDeserializer
	max.partition.fetch.bytes = 1048576
	max.poll.interval.ms = 300000
	max.poll.records = 500
	metadata.max.age.ms = 300000
	metric.reporters = []
	metrics.num.samples = 2
	metrics.recording.level = INFO
	metrics.sample.window.ms = 30000
	partition.assignment.strategy = [class org.apache.kafka.clients.consumer.RangeAssignor, class org.apache.kafka.clients.consumer.CooperativeStickyAssignor]
	receive.buffer.bytes = 65536
	reconnect.backoff.max.ms = 1000
	reconnect.backoff.ms = 50
	request.timeout.ms = 30000
	retry.backoff.ms = 100
	sasl.client.callback.handler.class = null
	sasl.jaas.config = null
	sasl.kerberos.kinit.cmd = /usr/bin/kinit
	sasl.kerberos.min.time.before.relogin = 60000
	sasl.kerberos.service.name = null
	sasl.kerberos.ticket.renew.jitter = 0.05
	sasl.kerberos.ticket.renew.window.factor = 0.8
	sasl.login.callback.handler.class = null
	sasl.login.class = null
	sasl.login.connect.timeout.ms = null
	sasl.login.read.timeout.ms = null
	sasl.login.refresh.buffer.seconds = 300
	sasl.login.refresh.min.period.seconds = 60
	sasl.login.refresh.window.factor = 0.8
	sasl.login.refresh.window.jitter = 0.05
	sasl.login.retry.backoff.max.ms = 10000
	sasl.login.retry.backoff.ms = 100
	sasl.mechanism = GSSAPI
	sasl.oauthbearer.clock.skew.seconds = 30
	sasl.oauthbearer.expected.audience = null
	sasl.oauthbearer.expected.issuer = null
	sasl.oauthbearer.jwks.endpoint.refresh.ms = 3600000
	sasl.oauthbearer.jwks.endpoint.retry.backoff.max.ms = 10000
	sasl.oauthbearer.jwks.endpoint.retry.backoff.ms = 100
	sasl.oauthbearer.jwks.endpoint.url = null
	sasl.oauthbearer.scope.claim.name = scope
	sasl.oauthbearer.sub.claim.name = sub
	sasl.oauthbearer.token.endpoint.url = null
	security.protocol = PLAINTEXT
	security.providers = null
	send.buffer.bytes = 131072
	session.timeout.ms = 45000
	socket.connection.setup.timeout.max.ms = 30000
	socket.connection.setup.timeout.ms = 10000
	ssl.cipher.suites = null
	ssl.enabled.protocols = [TLSv1.2, TLSv1.3]
	ssl.endpoint.identification.algorithm = https
	ssl.engine.factory.class = null
	ssl.key.password = null
	ssl.keymanager.algorithm = SunX509
	ssl.keystore.certificate.chain = null
	ssl.keystore.key = null
	ssl.keystore.location = null
	ssl.keystore.password = null
	ssl.keystore.type = JKS
	ssl.protocol = TLSv1.3
	ssl.provider = null
	ssl.secure.random.implementation = null
	ssl.trustmanager.algorithm = PKIX
	ssl.truststore.certificates = null
	ssl.truststore.location = null
	ssl.truststore.password = null
	ssl.truststore.type = JKS
	value.deserializer = class org.springframework.kafka.support.serializer.JsonDeserializer

2025-08-22T17:32:24.751+05:30  INFO 98991 --- [           main] o.a.k.clients.consumer.ConsumerConfig    : These configurations '[spring.json.trusted.packages]' were supplied but are not used yet.
2025-08-22T17:32:24.751+05:30  INFO 98991 --- [           main] o.a.kafka.common.utils.AppInfoParser     : Kafka version: 3.6.2
2025-08-22T17:32:24.751+05:30  INFO 98991 --- [           main] o.a.kafka.common.utils.AppInfoParser     : Kafka commitId: c4deed513057c94e
2025-08-22T17:32:24.751+05:30  INFO 98991 --- [           main] o.a.kafka.common.utils.AppInfoParser     : Kafka startTimeMs: 1755864144751
2025-08-22T17:32:24.751+05:30  INFO 98991 --- [           main] fkaConsumerFactory$ExtendedKafkaConsumer : [Consumer clientId=consumer-delivery-agent-group-4, groupId=delivery-agent-group] Subscribed to topic(s): order-events
2025-08-22T17:32:24.752+05:30  INFO 98991 --- [ntainer#0-0-C-1] org.apache.kafka.clients.Metadata        : [Consumer clientId=consumer-inventory-group-3, groupId=inventory-group] Cluster ID: ix8tzgXqQkGx1vfs0CuWgA
2025-08-22T17:32:24.753+05:30  INFO 98991 --- [ntainer#0-0-C-1] o.a.k.c.c.internals.ConsumerCoordinator  : [Consumer clientId=consumer-inventory-group-3, groupId=inventory-group] Discovered group coordinator dhcp-10-120-178-139.wifi.oracle.com:9092 (id: 2147483647 rack: null)
2025-08-22T17:32:24.753+05:30  INFO 98991 --- [ntainer#0-0-C-1] o.a.k.c.c.internals.ConsumerCoordinator  : [Consumer clientId=consumer-inventory-group-3, groupId=inventory-group] (Re-)joining group
2025-08-22T17:32:24.754+05:30  INFO 98991 --- [ntainer#1-0-C-1] org.apache.kafka.clients.Metadata        : [Consumer clientId=consumer-delivery-agent-group-4, groupId=delivery-agent-group] Cluster ID: ix8tzgXqQkGx1vfs0CuWgA
2025-08-22T17:32:24.754+05:30  INFO 98991 --- [           main] c.e.i.service.WebScrapingServiceTest     : Started WebScrapingServiceTest in 0.38 seconds (process running for 3.179)
2025-08-22T17:32:24.755+05:30  INFO 98991 --- [ntainer#1-0-C-1] o.a.k.c.c.internals.ConsumerCoordinator  : [Consumer clientId=consumer-delivery-agent-group-4, groupId=delivery-agent-group] Discovered group coordinator dhcp-10-120-178-139.wifi.oracle.com:9092 (id: 2147483647 rack: null)
2025-08-22T17:32:24.755+05:30  INFO 98991 --- [ntainer#1-0-C-1] o.a.k.c.c.internals.ConsumerCoordinator  : [Consumer clientId=consumer-delivery-agent-group-4, groupId=delivery-agent-group] (Re-)joining group
2025-08-22T17:32:24.762+05:30  INFO 98991 --- [ntainer#0-0-C-1] o.a.k.c.c.internals.ConsumerCoordinator  : [Consumer clientId=consumer-inventory-group-3, groupId=inventory-group] Request joining group due to: need to re-join with the given member-id: consumer-inventory-group-3-52782c78-8e22-43d1-97dc-34b886d3ad1f
2025-08-22T17:32:24.762+05:30  INFO 98991 --- [ntainer#0-0-C-1] o.a.k.c.c.internals.ConsumerCoordinator  : [Consumer clientId=consumer-inventory-group-3, groupId=inventory-group] Request joining group due to: rebalance failed due to 'The group member needs to have a valid member id before actually entering a consumer group.' (MemberIdRequiredException)
2025-08-22T17:32:24.762+05:30  INFO 98991 --- [ntainer#0-0-C-1] o.a.k.c.c.internals.ConsumerCoordinator  : [Consumer clientId=consumer-inventory-group-3, groupId=inventory-group] (Re-)joining group
2025-08-22T17:32:24.762+05:30  INFO 98991 --- [ntainer#1-0-C-1] o.a.k.c.c.internals.ConsumerCoordinator  : [Consumer clientId=consumer-delivery-agent-group-4, groupId=delivery-agent-group] Request joining group due to: need to re-join with the given member-id: consumer-delivery-agent-group-4-d80c8df3-a98f-4bb2-9af0-6fe0f438748b
2025-08-22T17:32:24.763+05:30  INFO 98991 --- [ntainer#1-0-C-1] o.a.k.c.c.internals.ConsumerCoordinator  : [Consumer clientId=consumer-delivery-agent-group-4, groupId=delivery-agent-group] Request joining group due to: rebalance failed due to 'The group member needs to have a valid member id before actually entering a consumer group.' (MemberIdRequiredException)
2025-08-22T17:32:24.763+05:30  INFO 98991 --- [ntainer#1-0-C-1] o.a.k.c.c.internals.ConsumerCoordinator  : [Consumer clientId=consumer-delivery-agent-group-4, groupId=delivery-agent-group] (Re-)joining group
2025-08-22T17:32:25.683+05:30  INFO 98991 --- [           main] i.g.bonigarcia.wdm.WebDriverManager      : Using chromedriver 139.0.7258.138 (resolved driver for Chrome 139)
2025-08-22T17:32:25.697+05:30  INFO 98991 --- [           main] i.g.bonigarcia.wdm.WebDriverManager      : Exporting webdriver.chrome.driver as /Users/sonaskar/.cache/selenium/chromedriver/mac-arm64/139.0.7258.138/chromedriver
2025-08-22T17:32:26.445+05:30  WARN 98991 --- [           main] o.o.selenium.devtools.CdpVersionFinder   : Unable to find CDP implementation matching 139
2025-08-22T17:32:26.445+05:30  WARN 98991 --- [           main] o.o.selenium.chromium.ChromiumDriver     : Unable to find version of CDP to use for 139.0.7258.139. You may need to include a dependency on a specific version of the CDP using something similar to `org.seleniumhq.selenium:selenium-devtools-v86:4.14.1` where the version ("v86") matches the version of the chromium-based browser you're using and the version number of the artifact is the same as Selenium's.
2025-08-22T17:32:26.756+05:30  INFO 98991 --- [ntainer#0-0-C-1] o.a.k.c.c.internals.ConsumerCoordinator  : [Consumer clientId=consumer-inventory-group-1, groupId=inventory-group] Request joining group due to: group is already rebalancing
2025-08-22T17:32:26.756+05:30  INFO 98991 --- [ntainer#1-0-C-1] o.a.k.c.c.internals.ConsumerCoordinator  : [Consumer clientId=consumer-delivery-agent-group-2, groupId=delivery-agent-group] Request joining group due to: group is already rebalancing
2025-08-22T17:32:26.756+05:30  INFO 98991 --- [ntainer#0-0-C-1] o.a.k.c.c.internals.ConsumerCoordinator  : [Consumer clientId=consumer-inventory-group-1, groupId=inventory-group] Revoke previously assigned partitions order-events-0
2025-08-22T17:32:26.756+05:30  INFO 98991 --- [ntainer#1-0-C-1] o.a.k.c.c.internals.ConsumerCoordinator  : [Consumer clientId=consumer-delivery-agent-group-2, groupId=delivery-agent-group] Revoke previously assigned partitions order-events-0
2025-08-22T17:32:26.757+05:30  INFO 98991 --- [ntainer#1-0-C-1] o.s.k.l.KafkaMessageListenerContainer    : delivery-agent-group: partitions revoked: [order-events-0]
2025-08-22T17:32:26.757+05:30  INFO 98991 --- [ntainer#0-0-C-1] o.s.k.l.KafkaMessageListenerContainer    : inventory-group: partitions revoked: [order-events-0]
2025-08-22T17:32:26.757+05:30  INFO 98991 --- [ntainer#0-0-C-1] o.a.k.c.c.internals.ConsumerCoordinator  : [Consumer clientId=consumer-inventory-group-1, groupId=inventory-group] (Re-)joining group
2025-08-22T17:32:26.757+05:30  INFO 98991 --- [ntainer#1-0-C-1] o.a.k.c.c.internals.ConsumerCoordinator  : [Consumer clientId=consumer-delivery-agent-group-2, groupId=delivery-agent-group] (Re-)joining group
2025-08-22T17:32:26.759+05:30  INFO 98991 --- [ntainer#0-0-C-1] o.a.k.c.c.internals.ConsumerCoordinator  : [Consumer clientId=consumer-inventory-group-3, groupId=inventory-group] Successfully joined group with generation Generation{generationId=14, memberId='consumer-inventory-group-3-52782c78-8e22-43d1-97dc-34b886d3ad1f', protocol='range'}
2025-08-22T17:32:26.759+05:30  INFO 98991 --- [ntainer#1-0-C-1] o.a.k.c.c.internals.ConsumerCoordinator  : [Consumer clientId=consumer-delivery-agent-group-4, groupId=delivery-agent-group] Successfully joined group with generation Generation{generationId=12, memberId='consumer-delivery-agent-group-4-d80c8df3-a98f-4bb2-9af0-6fe0f438748b', protocol='range'}
2025-08-22T17:32:26.759+05:30  INFO 98991 --- [ntainer#0-0-C-1] o.a.k.c.c.internals.ConsumerCoordinator  : [Consumer clientId=consumer-inventory-group-1, groupId=inventory-group] Successfully joined group with generation Generation{generationId=14, memberId='consumer-inventory-group-1-66c548d0-0839-484a-a5e9-8c8f778d021b', protocol='range'}
2025-08-22T17:32:26.759+05:30  INFO 98991 --- [ntainer#1-0-C-1] o.a.k.c.c.internals.ConsumerCoordinator  : [Consumer clientId=consumer-delivery-agent-group-2, groupId=delivery-agent-group] Successfully joined group with generation Generation{generationId=12, memberId='consumer-delivery-agent-group-2-58b4e9b7-2fa1-493e-a7ee-78a7064e909b', protocol='range'}
2025-08-22T17:32:26.760+05:30  INFO 98991 --- [ntainer#0-0-C-1] o.a.k.c.c.internals.ConsumerCoordinator  : [Consumer clientId=consumer-inventory-group-1, groupId=inventory-group] Finished assignment for group at generation 14: {consumer-inventory-group-1-66c548d0-0839-484a-a5e9-8c8f778d021b=Assignment(partitions=[order-events-0]), consumer-inventory-group-3-52782c78-8e22-43d1-97dc-34b886d3ad1f=Assignment(partitions=[])}
2025-08-22T17:32:26.760+05:30  INFO 98991 --- [ntainer#1-0-C-1] o.a.k.c.c.internals.ConsumerCoordinator  : [Consumer clientId=consumer-delivery-agent-group-2, groupId=delivery-agent-group] Finished assignment for group at generation 12: {consumer-delivery-agent-group-2-58b4e9b7-2fa1-493e-a7ee-78a7064e909b=Assignment(partitions=[order-events-0]), consumer-delivery-agent-group-4-d80c8df3-a98f-4bb2-9af0-6fe0f438748b=Assignment(partitions=[])}
2025-08-22T17:32:26.761+05:30  INFO 98991 --- [ntainer#0-0-C-1] o.a.k.c.c.internals.ConsumerCoordinator  : [Consumer clientId=consumer-inventory-group-1, groupId=inventory-group] Successfully synced group in generation Generation{generationId=14, memberId='consumer-inventory-group-1-66c548d0-0839-484a-a5e9-8c8f778d021b', protocol='range'}
2025-08-22T17:32:26.761+05:30  INFO 98991 --- [ntainer#1-0-C-1] o.a.k.c.c.internals.ConsumerCoordinator  : [Consumer clientId=consumer-delivery-agent-group-4, groupId=delivery-agent-group] Successfully synced group in generation Generation{generationId=12, memberId='consumer-delivery-agent-group-4-d80c8df3-a98f-4bb2-9af0-6fe0f438748b', protocol='range'}
2025-08-22T17:32:26.761+05:30  INFO 98991 --- [ntainer#1-0-C-1] o.a.k.c.c.internals.ConsumerCoordinator  : [Consumer clientId=consumer-delivery-agent-group-2, groupId=delivery-agent-group] Successfully synced group in generation Generation{generationId=12, memberId='consumer-delivery-agent-group-2-58b4e9b7-2fa1-493e-a7ee-78a7064e909b', protocol='range'}
2025-08-22T17:32:26.761+05:30  INFO 98991 --- [ntainer#0-0-C-1] o.a.k.c.c.internals.ConsumerCoordinator  : [Consumer clientId=consumer-inventory-group-3, groupId=inventory-group] Successfully synced group in generation Generation{generationId=14, memberId='consumer-inventory-group-3-52782c78-8e22-43d1-97dc-34b886d3ad1f', protocol='range'}
2025-08-22T17:32:26.762+05:30  INFO 98991 --- [ntainer#0-0-C-1] o.a.k.c.c.internals.ConsumerCoordinator  : [Consumer clientId=consumer-inventory-group-1, groupId=inventory-group] Notifying assignor about the new Assignment(partitions=[order-events-0])
2025-08-22T17:32:26.762+05:30  INFO 98991 --- [ntainer#1-0-C-1] o.a.k.c.c.internals.ConsumerCoordinator  : [Consumer clientId=consumer-delivery-agent-group-4, groupId=delivery-agent-group] Notifying assignor about the new Assignment(partitions=[])
2025-08-22T17:32:26.762+05:30  INFO 98991 --- [ntainer#1-0-C-1] o.a.k.c.c.internals.ConsumerCoordinator  : [Consumer clientId=consumer-delivery-agent-group-2, groupId=delivery-agent-group] Notifying assignor about the new Assignment(partitions=[order-events-0])
2025-08-22T17:32:26.762+05:30  INFO 98991 --- [ntainer#1-0-C-1] o.a.k.c.c.internals.ConsumerCoordinator  : [Consumer clientId=consumer-delivery-agent-group-4, groupId=delivery-agent-group] Adding newly assigned partitions: 
2025-08-22T17:32:26.762+05:30  INFO 98991 --- [ntainer#0-0-C-1] o.a.k.c.c.internals.ConsumerCoordinator  : [Consumer clientId=consumer-inventory-group-1, groupId=inventory-group] Adding newly assigned partitions: order-events-0
2025-08-22T17:32:26.762+05:30  INFO 98991 --- [ntainer#1-0-C-1] o.a.k.c.c.internals.ConsumerCoordinator  : [Consumer clientId=consumer-delivery-agent-group-2, groupId=delivery-agent-group] Adding newly assigned partitions: order-events-0
2025-08-22T17:32:26.762+05:30  INFO 98991 --- [ntainer#0-0-C-1] o.a.k.c.c.internals.ConsumerCoordinator  : [Consumer clientId=consumer-inventory-group-3, groupId=inventory-group] Notifying assignor about the new Assignment(partitions=[])
2025-08-22T17:32:26.762+05:30  INFO 98991 --- [ntainer#1-0-C-1] o.s.k.l.KafkaMessageListenerContainer    : delivery-agent-group: partitions assigned: []
2025-08-22T17:32:26.762+05:30  INFO 98991 --- [ntainer#0-0-C-1] o.a.k.c.c.internals.ConsumerCoordinator  : [Consumer clientId=consumer-inventory-group-3, groupId=inventory-group] Adding newly assigned partitions: 
2025-08-22T17:32:26.762+05:30  INFO 98991 --- [ntainer#0-0-C-1] o.s.k.l.KafkaMessageListenerContainer    : inventory-group: partitions assigned: []
2025-08-22T17:32:26.763+05:30  INFO 98991 --- [ntainer#1-0-C-1] o.a.k.c.c.internals.ConsumerCoordinator  : [Consumer clientId=consumer-delivery-agent-group-2, groupId=delivery-agent-group] Setting offset for partition order-events-0 to the committed offset FetchPosition{offset=16, offsetEpoch=Optional.empty, currentLeader=LeaderAndEpoch{leader=Optional[dhcp-10-120-178-139.wifi.oracle.com:9092 (id: 0 rack: null)], epoch=0}}
2025-08-22T17:32:26.763+05:30  INFO 98991 --- [ntainer#0-0-C-1] o.a.k.c.c.internals.ConsumerCoordinator  : [Consumer clientId=consumer-inventory-group-1, groupId=inventory-group] Setting offset for partition order-events-0 to the committed offset FetchPosition{offset=16, offsetEpoch=Optional.empty, currentLeader=LeaderAndEpoch{leader=Optional[dhcp-10-120-178-139.wifi.oracle.com:9092 (id: 0 rack: null)], epoch=0}}
2025-08-22T17:32:26.763+05:30  INFO 98991 --- [ntainer#0-0-C-1] o.s.k.l.KafkaMessageListenerContainer    : inventory-group: partitions assigned: [order-events-0]
2025-08-22T17:32:26.763+05:30  INFO 98991 --- [ntainer#1-0-C-1] o.s.k.l.KafkaMessageListenerContainer    : delivery-agent-group: partitions assigned: [order-events-0]
]]></system-out>
  </testcase>
  <testcase name="testExtractTitle" classname="com.example.inventory.service.WebScrapingServiceTest" time="1.747">
    <system-out><![CDATA[2025-08-22T17:32:27.820+05:30  INFO 98991 --- [           main] i.g.bonigarcia.wdm.WebDriverManager      : Using chromedriver 139.0.7258.138 (resolved driver for Chrome 139)
2025-08-22T17:32:27.822+05:30  INFO 98991 --- [           main] i.g.bonigarcia.wdm.WebDriverManager      : Exporting webdriver.chrome.driver as /Users/sonaskar/.cache/selenium/chromedriver/mac-arm64/139.0.7258.138/chromedriver
2025-08-22T17:32:28.317+05:30  WARN 98991 --- [           main] o.o.selenium.devtools.CdpVersionFinder   : Unable to find CDP implementation matching 139
2025-08-22T17:32:28.317+05:30  WARN 98991 --- [           main] o.o.selenium.chromium.ChromiumDriver     : Unable to find version of CDP to use for 139.0.7258.139. You may need to include a dependency on a specific version of the CDP using something similar to `org.seleniumhq.selenium:selenium-devtools-v86:4.14.1` where the version ("v86") matches the version of the chromium-based browser you're using and the version number of the artifact is the same as Selenium's.
]]></system-out>
  </testcase>
</testsuite>